<ERROR_INFO>
Mess: SELECT * FROM ict_help_category WHERE id=a limit 50000
 -- Unknown column 'a' in 'where clause'
Line: 89
File: IWEB_PATH/db\driver\mysql_class.php
##Debug_backtrace:##
	Func:read           	Class:IMysql         	Type:->   	Line:59   	File:IWEB_PATH/db\driver\mysql_class.php
	Func:doSql          	Class:IMysql         	Type:->   	Line:87   	File:IWEB_PATH/db\db_class.php
	Func:query          	Class:IDB            	Type:->   	Line:186  	File:IWEB_PATH/web\model\model_class.php
	Func:query          	Class:IModel         	Type:->   	Line:835  	File:F:\Apache2.2\htdocs\iwebshoptest\controllers\site.php
	Func:help           	Class:Site           	Type:->   	Line:24   	File:IWEB_PATH/web\action\inline_action.php
	Func:run            	Class:IInlineAction  	Type:->   	Line:149  	File:IWEB_PATH/web\controller\controller_class.php
	Func:run            	Class:IController    	Type:->   	Line:29   	File:IWEB_PATH/core\webapplication_class.php
	Func:execRequest    	Class:IWebApplication	Type:->   	Line:102  	File:IWEB_PATH/core\application_class.php
	Func:run            	Class:IApplication   	Type:->   	Line:5    	File:F:\Apache2.2\htdocs\iwebshoptest\index.php
</ERROR_INFO>
<ERROR_INFO>
Mess: SELECT * FROM ict_help_category WHERE id=a limit 50000
 -- Unknown column 'a' in 'where clause'
Line: 89
File: IWEB_PATH/db\driver\mysql_class.php
##Debug_backtrace:##
	Func:read           	Class:IMysql         	Type:->   	Line:59   	File:IWEB_PATH/db\driver\mysql_class.php
	Func:doSql          	Class:IMysql         	Type:->   	Line:87   	File:IWEB_PATH/db\db_class.php
	Func:query          	Class:IDB            	Type:->   	Line:186  	File:IWEB_PATH/web\model\model_class.php
	Func:query          	Class:IModel         	Type:->   	Line:835  	File:F:\Apache2.2\htdocs\iwebshoptest\controllers\site.php
	Func:help           	Class:Site           	Type:->   	Line:24   	File:IWEB_PATH/web\action\inline_action.php
	Func:run            	Class:IInlineAction  	Type:->   	Line:149  	File:IWEB_PATH/web\controller\controller_class.php
	Func:run            	Class:IController    	Type:->   	Line:29   	File:IWEB_PATH/core\webapplication_class.php
	Func:execRequest    	Class:IWebApplication	Type:->   	Line:102  	File:IWEB_PATH/core\application_class.php
	Func:run            	Class:IApplication   	Type:->   	Line:5    	File:F:\Apache2.2\htdocs\iwebshoptest\index.php
</ERROR_INFO>
<ERROR_INFO>
Mess: SELECT * FROM ict_help_category WHERE id=a limit 50000
 -- Unknown column 'a' in 'where clause'
Line: 89
File: IWEB_PATH/db\driver\mysql_class.php
##Debug_backtrace:##
	Func:read           	Class:IMysql         	Type:->   	Line:59   	File:IWEB_PATH/db\driver\mysql_class.php
	Func:doSql          	Class:IMysql         	Type:->   	Line:87   	File:IWEB_PATH/db\db_class.php
	Func:query          	Class:IDB            	Type:->   	Line:186  	File:IWEB_PATH/web\model\model_class.php
	Func:query          	Class:IModel         	Type:->   	Line:835  	File:F:\Apache2.2\htdocs\iwebshoptest\controllers\site.php
	Func:help           	Class:Site           	Type:->   	Line:24   	File:IWEB_PATH/web\action\inline_action.php
	Func:run            	Class:IInlineAction  	Type:->   	Line:149  	File:IWEB_PATH/web\controller\controller_class.php
	Func:run            	Class:IController    	Type:->   	Line:29   	File:IWEB_PATH/core\webapplication_class.php
	Func:execRequest    	Class:IWebApplication	Type:->   	Line:102  	File:IWEB_PATH/core\application_class.php
	Func:run            	Class:IApplication   	Type:->   	Line:5    	File:F:\Apache2.2\htdocs\iwebshoptest\index.php
</ERROR_INFO>
<ERROR_INFO>
errID:8
errStr:Undefined index: content
errFile:F:\Apache2.2\htdocs\iwebshoptest\controllers\site.php
errLine:831
errTime:13-12-28 13:01:18
##出错时变量的值：##
array (
  'id' => 29,
  'tb_help' => 
  IModel::__set_state(array(
     'db' => 
    IMysql::__set_state(array(
       'linkRes' => NULL,
    )),
     'tableName' => 'ict_help',
     'tableData' => 
    array (
    ),
  )),
  'help_row' => 
  array (
    0 => 
    array (
      'id' => '29',
      'cat_id' => '3',
      'sort' => '0',
      'name' => '订单状态',
      'content' => '<p class=\\"MsoNormal\\"><span style=\\"font-family:宋体;mso-ascii-font-family:Calibri;mso-hansi-font-family:Calibri;\\">一个</span><span lang=\\"EN-US\\">iWebShop</span><span style=\\"font-family:宋体;mso-ascii-font-family:Calibri;mso-hansi-font-family:Calibri;\\">网站的新订单从下单到订单完成，会经历各种状态，我们会将各种状态显示在订单详情页面，希望以此种方式让您更好的了解订单情况，及时跟踪订单状态，打消疑虑并顺利完成购物。以下是订单状态的简单说明：</span></p>
<p class=\\"MsoNormal\\"><span lang=\\"EN-US\\"><o:p>&nbsp;</o:p></span></p>
<p class=\\"MsoNormal\\"><span style=\\"font-family:宋体;mso-ascii-font-family:Calibri;mso-hansi-font-family:Calibri;\\">等待付款：如果您选择“在线支付”“银行卡转账”“邮局汇款”“公司转账”“分期付款”“高校</span><span lang=\\"EN-US\\">-</span><span style=\\"font-family:宋体;mso-ascii-font-family:Calibri;mso-hansi-font-family:Calibri;\\">自己支付”“高校</span><span lang=\\"EN-US\\">-</span><span style=\\"font-family:宋体;mso-ascii-font-family:Calibri;mso-hansi-font-family:Calibri;\\">代理垫付”这几种支付方式，在成功支付且得到财务确认之前，订单状态会显示为等待付款；</span></p>
<p class=\\"MsoNormal\\"><span style=\\"font-family:宋体;mso-ascii-font-family:Calibri;mso-hansi-font-family:Calibri;\\">正在配货：该状态说明</span><span lang=\\"EN-US\\">iWebShop</span><span style=\\"font-family:宋体;mso-ascii-font-family:Calibri;mso-hansi-font-family:Calibri;\\">网站正在为您的订单进行配货，包括</span><span lang=\\"EN-US\\">5</span><span style=\\"font-family:宋体;mso-ascii-font-family:Calibri;mso-hansi-font-family:Calibri;\\">个子状态</span></p>
<p class=\\"MsoNormal\\"><span lang=\\"EN-US\\">1</span><span style=\\"font-family:宋体;mso-ascii-font-family:Calibri;mso-hansi-font-family:Calibri;\\">）打印：将您订购的商品打印成单，便于出库员取货</span></p>
<p class=\\"MsoNormal\\"><span lang=\\"EN-US\\">2</span><span style=\\"font-family:宋体;mso-ascii-font-family:Calibri;mso-hansi-font-family:Calibri;\\">）出库：出库员找到您订购的商品并出库</span></p>
<p class=\\"MsoNormal\\"><span lang=\\"EN-US\\">3</span><span style=\\"font-family:宋体;mso-ascii-font-family:Calibri;mso-hansi-font-family:Calibri;\\">）扫描：扫描员扫描您订购的商品并确认商品成功出库</span></p>
<p class=\\"MsoNormal\\"><span lang=\\"EN-US\\">4</span><span style=\\"font-family:宋体;mso-ascii-font-family:Calibri;mso-hansi-font-family:Calibri;\\">）打包：打包员将您订购的商品放入包裹以便运输</span></p>
<p class=\\"MsoNormal\\"><span lang=\\"EN-US\\">5</span><span style=\\"font-family:宋体;mso-ascii-font-family:Calibri;mso-hansi-font-family:Calibri;\\">）发货：发货员将您的包裹发货运输</span></p>
<p class=\\"MsoNormal\\"><span lang=\\"EN-US\\">iWebShop</span><span style=\\"font-family:宋体;mso-ascii-font-family:Calibri;mso-hansi-font-family:Calibri;\\">网站送货：您订购的商品已经发货，正在运送途中</span></p>
<p class=\\"MsoNormal\\"><span style=\\"font-family:宋体;mso-ascii-font-family:Calibri;mso-hansi-font-family:Calibri;\\">收货并确认：货物已发出一段时间，如果您已收到货物可以点击确认按钮进行确认</span></p>
<p class=\\"MsoNormal\\"><span style=\\"font-family:宋体;mso-ascii-font-family:Calibri;mso-hansi-font-family:Calibri;\\">上门自提：该状态说明您订购的商品已经送至相应自提点，请您尽快到自提点提货</span></p>
<p class=\\"MsoNormal\\"><span style=\\"font-family:宋体;mso-ascii-font-family:Calibri;mso-hansi-font-family:Calibri;\\">已完成：此次交易已经完成，希望能得到您的满意</span></p>
<p class=\\"MsoNormal\\"><span style=\\"font-family:宋体;mso-ascii-font-family:Calibri;mso-hansi-font-family:Calibri;\\">已锁定：如果您修改了订单但没有修改成功，则系统会自动锁定您的订单，您可以在订单列表页面点击操作栏中的“解锁订单”使订单恢复正常</span></p>
<p class=\\"MsoNormal\\"><span style=\\"font-family:宋体;mso-ascii-font-family:Calibri;mso-hansi-font-family:Calibri;\\">订单待审核：该状态说明您订购的某类商品缺货，需要</span><span lang=\\"EN-US\\">iWebShop</span><span style=\\"font-family:宋体;mso-ascii-font-family:Calibri;mso-hansi-font-family:Calibri;\\">网站将货物备齐后订单才会恢复正常状态，此状态下请您不要进行付款操作，以免货物无法备齐而占用您的货款</span></p>
<p class=\\"MsoNormal\\"><span lang=\\"EN-US\\"><o:p>&nbsp;</o:p></span></p>
<p class=\\"MsoNormal\\"><span style=\\"font-family:宋体;mso-ascii-font-family:Calibri;mso-hansi-font-family:Calibri;\\">修改订单常见问题：</span></p>
<p class=\\"MsoNormal\\"><span lang=\\"EN-US\\">1</span><span style=\\"font-family:宋体;mso-ascii-font-family:Calibri;mso-hansi-font-family:Calibri;\\">、什么时候允许修改订单？</span></p>
<p class=\\"MsoNormal\\"><span style=\\"font-family:宋体;mso-ascii-font-family:Calibri;mso-hansi-font-family:Calibri;\\">您在</span><span lang=\\"EN-US\\">iWebShop</span><span style=\\"font-family:宋体;mso-ascii-font-family:Calibri;mso-hansi-font-family:Calibri;\\">网站下单后，</span><span lang=\\"EN-US\\">iWebShop</span><span style=\\"font-family:宋体;mso-ascii-font-family:calibri;mso-hansi-font-family:Calibri;\\">网站后台程序会通过一系列算法来判断您的订单是否可以修改，如果可以修改，您在订单操作一列可以看到“修改订单”链接，此时说明订单可以修改。如果没有此链接，说明该订单不可修改。</span></p>
<p class=\\"MsoNormal\\"><span style=\\"font-family:宋体;mso-ascii-font-family:Calibri;mso-hansi-font-family:Calibri;\\">一般来说，在您选购的商品没有打印完毕之前，都是可以修改订单的。</span></p>
<p class=\\"MsoNormal\\"><span lang=\\"EN-US\\">2</span><span style=\\"font-family:宋体;mso-ascii-font-family:Calibri;mso-hansi-font-family:Calibri;\\">、我能修改订单的哪些内容？</span></p>
<p class=\\"MsoNormal\\"><span lang=\\"EN-US\\">1)</span><span style=\\"font-family:宋体;mso-ascii-font-family:Calibri;mso-hansi-font-family:Calibri;\\">修改购物车内的商品数量，增加或删除商品；（暂不支持添加套装）</span></p>
<p class=\\"MsoNormal\\"><span lang=\\"EN-US\\">2)</span><span style=\\"font-family:宋体;mso-ascii-font-family:Calibri;mso-hansi-font-family:Calibri;\\">修改收货人信息、配送方式、发票信息、订单备注；</span></p>
<p class=\\"MsoNormal\\"><span lang=\\"EN-US\\">3)</span><span style=\\"font-family:宋体;mso-ascii-font-family:Calibri;mso-hansi-font-family:Calibri;\\">添加优惠券或删除已使用的优惠券；</span></p>
<p class=\\"MsoNormal\\"><span style=\\"font-family:宋体;mso-ascii-font-family:Calibri;mso-hansi-font-family:Calibri;\\">注：由于目前暂不支持修改支付方式，所以一些与支付方式相关联的收货地址可能也无法修改。</span></p>
<p class=\\"MsoNormal\\"><span lang=\\"EN-US\\">3</span><span style=\\"font-family:宋体;mso-ascii-font-family:Calibri;mso-hansi-font-family:Calibri;\\">、修改订单时，订单为什么会被锁定？</span></p>
<p class=\\"MsoNormal\\"><span style=\\"font-family:宋体;mso-ascii-font-family:Calibri;mso-hansi-font-family:Calibri;\\">为了避免您在修改订单的同时，您的订单继续被程序处理和执行，我们会在您修改订单过程中锁定您的订单，直到您完成修改并点击了“提交订单”按钮。</span></p>
<p class=\\"MsoNormal\\"><span style=\\"font-family:宋体;mso-ascii-font-family:Calibri;mso-hansi-font-family:Calibri;\\">如果您在修改过程当中放弃了修改，建议您返回订单列表页面点击操作栏中的“解锁订单”，否则您的订单将在</span><span lang=\\"EN-US\\">2</span><span style=\\"font-family:宋体;mso-ascii-font-family:Calibri;mso-hansi-font-family:Calibri;\\">个小时后解锁，将影响您订单的生产时间和收货时间。</span></p>
<p class=\\"MsoNormal\\"><span lang=\\"EN-US\\">4</span><span style=\\"font-family:宋体;mso-ascii-font-family:Calibri;mso-hansi-font-family:Calibri;\\">、如果购物车里某一款商品下单时的价格和修改订单当时的价格不一致，按哪个来算商品价格呢？</span></p>
<p class=\\"MsoNormal\\"><span style=\\"font-family:宋体;mso-ascii-font-family:Calibri;mso-hansi-font-family:Calibri;\\">如果您不修改该商品的购买数量，那么价格和赠品都会维持您下单时的状态不变；</span></p>
<p class=\\"MsoNormal\\"><span style=\\"font-family:宋体;mso-ascii-font-family:Calibri;mso-hansi-font-family:Calibri;\\">如果您修改了该商品购买数量或者添加了新商品，那么价格和赠品都会与</span><span lang=\\"EN-US\\">iWebShop</span><span style=\\"font-family:宋体;mso-ascii-font-family:calibri;mso-hansi-font-family:Calibri;\\">网站最新显示的价格和赠品一致。</span></p>
<p class=\\"MsoNormal\\"><span style=\\"font-family:宋体;mso-ascii-font-family:Calibri;mso-hansi-font-family:Calibri;\\">如果您添加了新商品，那么新商品的价格与</span><span lang=\\"EN-US\\">iWebShop</span><span style=\\"font-family:宋体;mso-ascii-font-family:Calibri;mso-hansi-font-family:Calibri;\\">网站最新显示的价格和赠品一致。</span></p>
<p class=\\"MsoNormal\\"><span lang=\\"EN-US\\">5</span><span style=\\"font-family:宋体;mso-ascii-font-family:Calibri;mso-hansi-font-family:Calibri;\\">、可以先申请价保后再修改订单吗？</span></p>
<p class=\\"MsoNormal\\"><span style=\\"font-family:宋体;mso-ascii-font-family:Calibri;mso-hansi-font-family:Calibri;\\">不可以，如果你对某商品申请了价保，那么该商品将不能进行修改和删除，除非您删除整个订单。</span></p>
<p class=\\"MsoNormal\\"><span lang=\\"EN-US\\"><o:p>&nbsp;</o:p></span></p>',
      'dateline' => '1303975502',
    ),
  ),
)
<\ERROR_INFO>
<ERROR_INFO>
errID:8
errStr:Indirect modification of overloaded property Site::$help_row has no effect
errFile:F:\Apache2.2\htdocs\iwebshoptest\controllers\site.php
errLine:833
errTime:13-12-28 13:01:58
##出错时变量的值：##
array (
  'id' => 29,
  'tb_help' => 
  IModel::__set_state(array(
     'db' => 
    IMysql::__set_state(array(
       'linkRes' => NULL,
    )),
     'tableName' => 'ict_help',
     'tableData' => 
    array (
    ),
  )),
  'help_row' => 
  array (
    0 => 
    array (
      'id' => '29',
      'cat_id' => '3',
      'sort' => '0',
      'name' => '订单状态',
      'content' => '<p class=\\"MsoNormal\\"><span style=\\"font-family:宋体;mso-ascii-font-family:Calibri;mso-hansi-font-family:Calibri;\\">一个</span><span lang=\\"EN-US\\">iWebShop</span><span style=\\"font-family:宋体;mso-ascii-font-family:Calibri;mso-hansi-font-family:Calibri;\\">网站的新订单从下单到订单完成，会经历各种状态，我们会将各种状态显示在订单详情页面，希望以此种方式让您更好的了解订单情况，及时跟踪订单状态，打消疑虑并顺利完成购物。以下是订单状态的简单说明：</span></p>
<p class=\\"MsoNormal\\"><span lang=\\"EN-US\\"><o:p>&nbsp;</o:p></span></p>
<p class=\\"MsoNormal\\"><span style=\\"font-family:宋体;mso-ascii-font-family:Calibri;mso-hansi-font-family:Calibri;\\">等待付款：如果您选择“在线支付”“银行卡转账”“邮局汇款”“公司转账”“分期付款”“高校</span><span lang=\\"EN-US\\">-</span><span style=\\"font-family:宋体;mso-ascii-font-family:Calibri;mso-hansi-font-family:Calibri;\\">自己支付”“高校</span><span lang=\\"EN-US\\">-</span><span style=\\"font-family:宋体;mso-ascii-font-family:Calibri;mso-hansi-font-family:Calibri;\\">代理垫付”这几种支付方式，在成功支付且得到财务确认之前，订单状态会显示为等待付款；</span></p>
<p class=\\"MsoNormal\\"><span style=\\"font-family:宋体;mso-ascii-font-family:Calibri;mso-hansi-font-family:Calibri;\\">正在配货：该状态说明</span><span lang=\\"EN-US\\">iWebShop</span><span style=\\"font-family:宋体;mso-ascii-font-family:Calibri;mso-hansi-font-family:Calibri;\\">网站正在为您的订单进行配货，包括</span><span lang=\\"EN-US\\">5</span><span style=\\"font-family:宋体;mso-ascii-font-family:Calibri;mso-hansi-font-family:Calibri;\\">个子状态</span></p>
<p class=\\"MsoNormal\\"><span lang=\\"EN-US\\">1</span><span style=\\"font-family:宋体;mso-ascii-font-family:Calibri;mso-hansi-font-family:Calibri;\\">）打印：将您订购的商品打印成单，便于出库员取货</span></p>
<p class=\\"MsoNormal\\"><span lang=\\"EN-US\\">2</span><span style=\\"font-family:宋体;mso-ascii-font-family:Calibri;mso-hansi-font-family:Calibri;\\">）出库：出库员找到您订购的商品并出库</span></p>
<p class=\\"MsoNormal\\"><span lang=\\"EN-US\\">3</span><span style=\\"font-family:宋体;mso-ascii-font-family:Calibri;mso-hansi-font-family:Calibri;\\">）扫描：扫描员扫描您订购的商品并确认商品成功出库</span></p>
<p class=\\"MsoNormal\\"><span lang=\\"EN-US\\">4</span><span style=\\"font-family:宋体;mso-ascii-font-family:Calibri;mso-hansi-font-family:Calibri;\\">）打包：打包员将您订购的商品放入包裹以便运输</span></p>
<p class=\\"MsoNormal\\"><span lang=\\"EN-US\\">5</span><span style=\\"font-family:宋体;mso-ascii-font-family:Calibri;mso-hansi-font-family:Calibri;\\">）发货：发货员将您的包裹发货运输</span></p>
<p class=\\"MsoNormal\\"><span lang=\\"EN-US\\">iWebShop</span><span style=\\"font-family:宋体;mso-ascii-font-family:Calibri;mso-hansi-font-family:Calibri;\\">网站送货：您订购的商品已经发货，正在运送途中</span></p>
<p class=\\"MsoNormal\\"><span style=\\"font-family:宋体;mso-ascii-font-family:Calibri;mso-hansi-font-family:Calibri;\\">收货并确认：货物已发出一段时间，如果您已收到货物可以点击确认按钮进行确认</span></p>
<p class=\\"MsoNormal\\"><span style=\\"font-family:宋体;mso-ascii-font-family:Calibri;mso-hansi-font-family:Calibri;\\">上门自提：该状态说明您订购的商品已经送至相应自提点，请您尽快到自提点提货</span></p>
<p class=\\"MsoNormal\\"><span style=\\"font-family:宋体;mso-ascii-font-family:Calibri;mso-hansi-font-family:Calibri;\\">已完成：此次交易已经完成，希望能得到您的满意</span></p>
<p class=\\"MsoNormal\\"><span style=\\"font-family:宋体;mso-ascii-font-family:Calibri;mso-hansi-font-family:Calibri;\\">已锁定：如果您修改了订单但没有修改成功，则系统会自动锁定您的订单，您可以在订单列表页面点击操作栏中的“解锁订单”使订单恢复正常</span></p>
<p class=\\"MsoNormal\\"><span style=\\"font-family:宋体;mso-ascii-font-family:Calibri;mso-hansi-font-family:Calibri;\\">订单待审核：该状态说明您订购的某类商品缺货，需要</span><span lang=\\"EN-US\\">iWebShop</span><span style=\\"font-family:宋体;mso-ascii-font-family:Calibri;mso-hansi-font-family:Calibri;\\">网站将货物备齐后订单才会恢复正常状态，此状态下请您不要进行付款操作，以免货物无法备齐而占用您的货款</span></p>
<p class=\\"MsoNormal\\"><span lang=\\"EN-US\\"><o:p>&nbsp;</o:p></span></p>
<p class=\\"MsoNormal\\"><span style=\\"font-family:宋体;mso-ascii-font-family:Calibri;mso-hansi-font-family:Calibri;\\">修改订单常见问题：</span></p>
<p class=\\"MsoNormal\\"><span lang=\\"EN-US\\">1</span><span style=\\"font-family:宋体;mso-ascii-font-family:Calibri;mso-hansi-font-family:Calibri;\\">、什么时候允许修改订单？</span></p>
<p class=\\"MsoNormal\\"><span style=\\"font-family:宋体;mso-ascii-font-family:Calibri;mso-hansi-font-family:Calibri;\\">您在</span><span lang=\\"EN-US\\">iWebShop</span><span style=\\"font-family:宋体;mso-ascii-font-family:Calibri;mso-hansi-font-family:Calibri;\\">网站下单后，</span><span lang=\\"EN-US\\">iWebShop</span><span style=\\"font-family:宋体;mso-ascii-font-family:calibri;mso-hansi-font-family:Calibri;\\">网站后台程序会通过一系列算法来判断您的订单是否可以修改，如果可以修改，您在订单操作一列可以看到“修改订单”链接，此时说明订单可以修改。如果没有此链接，说明该订单不可修改。</span></p>
<p class=\\"MsoNormal\\"><span style=\\"font-family:宋体;mso-ascii-font-family:Calibri;mso-hansi-font-family:Calibri;\\">一般来说，在您选购的商品没有打印完毕之前，都是可以修改订单的。</span></p>
<p class=\\"MsoNormal\\"><span lang=\\"EN-US\\">2</span><span style=\\"font-family:宋体;mso-ascii-font-family:Calibri;mso-hansi-font-family:Calibri;\\">、我能修改订单的哪些内容？</span></p>
<p class=\\"MsoNormal\\"><span lang=\\"EN-US\\">1)</span><span style=\\"font-family:宋体;mso-ascii-font-family:Calibri;mso-hansi-font-family:Calibri;\\">修改购物车内的商品数量，增加或删除商品；（暂不支持添加套装）</span></p>
<p class=\\"MsoNormal\\"><span lang=\\"EN-US\\">2)</span><span style=\\"font-family:宋体;mso-ascii-font-family:Calibri;mso-hansi-font-family:Calibri;\\">修改收货人信息、配送方式、发票信息、订单备注；</span></p>
<p class=\\"MsoNormal\\"><span lang=\\"EN-US\\">3)</span><span style=\\"font-family:宋体;mso-ascii-font-family:Calibri;mso-hansi-font-family:Calibri;\\">添加优惠券或删除已使用的优惠券；</span></p>
<p class=\\"MsoNormal\\"><span style=\\"font-family:宋体;mso-ascii-font-family:Calibri;mso-hansi-font-family:Calibri;\\">注：由于目前暂不支持修改支付方式，所以一些与支付方式相关联的收货地址可能也无法修改。</span></p>
<p class=\\"MsoNormal\\"><span lang=\\"EN-US\\">3</span><span style=\\"font-family:宋体;mso-ascii-font-family:Calibri;mso-hansi-font-family:Calibri;\\">、修改订单时，订单为什么会被锁定？</span></p>
<p class=\\"MsoNormal\\"><span style=\\"font-family:宋体;mso-ascii-font-family:Calibri;mso-hansi-font-family:Calibri;\\">为了避免您在修改订单的同时，您的订单继续被程序处理和执行，我们会在您修改订单过程中锁定您的订单，直到您完成修改并点击了“提交订单”按钮。</span></p>
<p class=\\"MsoNormal\\"><span style=\\"font-family:宋体;mso-ascii-font-family:Calibri;mso-hansi-font-family:Calibri;\\">如果您在修改过程当中放弃了修改，建议您返回订单列表页面点击操作栏中的“解锁订单”，否则您的订单将在</span><span lang=\\"EN-US\\">2</span><span style=\\"font-family:宋体;mso-ascii-font-family:Calibri;mso-hansi-font-family:Calibri;\\">个小时后解锁，将影响您订单的生产时间和收货时间。</span></p>
<p class=\\"MsoNormal\\"><span lang=\\"EN-US\\">4</span><span style=\\"font-family:宋体;mso-ascii-font-family:Calibri;mso-hansi-font-family:Calibri;\\">、如果购物车里某一款商品下单时的价格和修改订单当时的价格不一致，按哪个来算商品价格呢？</span></p>
<p class=\\"MsoNormal\\"><span style=\\"font-family:宋体;mso-ascii-font-family:Calibri;mso-hansi-font-family:Calibri;\\">如果您不修改该商品的购买数量，那么价格和赠品都会维持您下单时的状态不变；</span></p>
<p class=\\"MsoNormal\\"><span style=\\"font-family:宋体;mso-ascii-font-family:Calibri;mso-hansi-font-family:Calibri;\\">如果您修改了该商品购买数量或者添加了新商品，那么价格和赠品都会与</span><span lang=\\"EN-US\\">iWebShop</span><span style=\\"font-family:宋体;mso-ascii-font-family:calibri;mso-hansi-font-family:Calibri;\\">网站最新显示的价格和赠品一致。</span></p>
<p class=\\"MsoNormal\\"><span style=\\"font-family:宋体;mso-ascii-font-family:Calibri;mso-hansi-font-family:Calibri;\\">如果您添加了新商品，那么新商品的价格与</span><span lang=\\"EN-US\\">iWebShop</span><span style=\\"font-family:宋体;mso-ascii-font-family:Calibri;mso-hansi-font-family:Calibri;\\">网站最新显示的价格和赠品一致。</span></p>
<p class=\\"MsoNormal\\"><span lang=\\"EN-US\\">5</span><span style=\\"font-family:宋体;mso-ascii-font-family:Calibri;mso-hansi-font-family:Calibri;\\">、可以先申请价保后再修改订单吗？</span></p>
<p class=\\"MsoNormal\\"><span style=\\"font-family:宋体;mso-ascii-font-family:Calibri;mso-hansi-font-family:Calibri;\\">不可以，如果你对某商品申请了价保，那么该商品将不能进行修改和删除，除非您删除整个订单。</span></p>
<p class=\\"MsoNormal\\"><span lang=\\"EN-US\\"><o:p>&nbsp;</o:p></span></p>',
      'dateline' => '1303975502',
    ),
  ),
)
<\ERROR_INFO>
<ERROR_INFO>
errID:8
errStr:Indirect modification of overloaded property Site::$help_row has no effect
errFile:F:\Apache2.2\htdocs\iwebshoptest\controllers\site.php
errLine:833
errTime:13-12-28 13:02:02
##出错时变量的值：##
array (
  'id' => 29,
  'tb_help' => 
  IModel::__set_state(array(
     'db' => 
    IMysql::__set_state(array(
       'linkRes' => NULL,
    )),
     'tableName' => 'ict_help',
     'tableData' => 
    array (
    ),
  )),
  'help_row' => 
  array (
    0 => 
    array (
      'id' => '29',
      'cat_id' => '3',
      'sort' => '0',
      'name' => '订单状态',
      'content' => '<p class=\\"MsoNormal\\"><span style=\\"font-family:宋体;mso-ascii-font-family:Calibri;mso-hansi-font-family:Calibri;\\">一个</span><span lang=\\"EN-US\\">iWebShop</span><span style=\\"font-family:宋体;mso-ascii-font-family:Calibri;mso-hansi-font-family:Calibri;\\">网站的新订单从下单到订单完成，会经历各种状态，我们会将各种状态显示在订单详情页面，希望以此种方式让您更好的了解订单情况，及时跟踪订单状态，打消疑虑并顺利完成购物。以下是订单状态的简单说明：</span></p>
<p class=\\"MsoNormal\\"><span lang=\\"EN-US\\"><o:p>&nbsp;</o:p></span></p>
<p class=\\"MsoNormal\\"><span style=\\"font-family:宋体;mso-ascii-font-family:Calibri;mso-hansi-font-family:Calibri;\\">等待付款：如果您选择“在线支付”“银行卡转账”“邮局汇款”“公司转账”“分期付款”“高校</span><span lang=\\"EN-US\\">-</span><span style=\\"font-family:宋体;mso-ascii-font-family:Calibri;mso-hansi-font-family:Calibri;\\">自己支付”“高校</span><span lang=\\"EN-US\\">-</span><span style=\\"font-family:宋体;mso-ascii-font-family:Calibri;mso-hansi-font-family:Calibri;\\">代理垫付”这几种支付方式，在成功支付且得到财务确认之前，订单状态会显示为等待付款；</span></p>
<p class=\\"MsoNormal\\"><span style=\\"font-family:宋体;mso-ascii-font-family:Calibri;mso-hansi-font-family:Calibri;\\">正在配货：该状态说明</span><span lang=\\"EN-US\\">iWebShop</span><span style=\\"font-family:宋体;mso-ascii-font-family:Calibri;mso-hansi-font-family:Calibri;\\">网站正在为您的订单进行配货，包括</span><span lang=\\"EN-US\\">5</span><span style=\\"font-family:宋体;mso-ascii-font-family:Calibri;mso-hansi-font-family:Calibri;\\">个子状态</span></p>
<p class=\\"MsoNormal\\"><span lang=\\"EN-US\\">1</span><span style=\\"font-family:宋体;mso-ascii-font-family:Calibri;mso-hansi-font-family:Calibri;\\">）打印：将您订购的商品打印成单，便于出库员取货</span></p>
<p class=\\"MsoNormal\\"><span lang=\\"EN-US\\">2</span><span style=\\"font-family:宋体;mso-ascii-font-family:Calibri;mso-hansi-font-family:Calibri;\\">）出库：出库员找到您订购的商品并出库</span></p>
<p class=\\"MsoNormal\\"><span lang=\\"EN-US\\">3</span><span style=\\"font-family:宋体;mso-ascii-font-family:Calibri;mso-hansi-font-family:Calibri;\\">）扫描：扫描员扫描您订购的商品并确认商品成功出库</span></p>
<p class=\\"MsoNormal\\"><span lang=\\"EN-US\\">4</span><span style=\\"font-family:宋体;mso-ascii-font-family:Calibri;mso-hansi-font-family:Calibri;\\">）打包：打包员将您订购的商品放入包裹以便运输</span></p>
<p class=\\"MsoNormal\\"><span lang=\\"EN-US\\">5</span><span style=\\"font-family:宋体;mso-ascii-font-family:Calibri;mso-hansi-font-family:Calibri;\\">）发货：发货员将您的包裹发货运输</span></p>
<p class=\\"MsoNormal\\"><span lang=\\"EN-US\\">iWebShop</span><span style=\\"font-family:宋体;mso-ascii-font-family:Calibri;mso-hansi-font-family:Calibri;\\">网站送货：您订购的商品已经发货，正在运送途中</span></p>
<p class=\\"MsoNormal\\"><span style=\\"font-family:宋体;mso-ascii-font-family:Calibri;mso-hansi-font-family:Calibri;\\">收货并确认：货物已发出一段时间，如果您已收到货物可以点击确认按钮进行确认</span></p>
<p class=\\"MsoNormal\\"><span style=\\"font-family:宋体;mso-ascii-font-family:Calibri;mso-hansi-font-family:Calibri;\\">上门自提：该状态说明您订购的商品已经送至相应自提点，请您尽快到自提点提货</span></p>
<p class=\\"MsoNormal\\"><span style=\\"font-family:宋体;mso-ascii-font-family:Calibri;mso-hansi-font-family:Calibri;\\">已完成：此次交易已经完成，希望能得到您的满意</span></p>
<p class=\\"MsoNormal\\"><span style=\\"font-family:宋体;mso-ascii-font-family:Calibri;mso-hansi-font-family:Calibri;\\">已锁定：如果您修改了订单但没有修改成功，则系统会自动锁定您的订单，您可以在订单列表页面点击操作栏中的“解锁订单”使订单恢复正常</span></p>
<p class=\\"MsoNormal\\"><span style=\\"font-family:宋体;mso-ascii-font-family:Calibri;mso-hansi-font-family:Calibri;\\">订单待审核：该状态说明您订购的某类商品缺货，需要</span><span lang=\\"EN-US\\">iWebShop</span><span style=\\"font-family:宋体;mso-ascii-font-family:Calibri;mso-hansi-font-family:Calibri;\\">网站将货物备齐后订单才会恢复正常状态，此状态下请您不要进行付款操作，以免货物无法备齐而占用您的货款</span></p>
<p class=\\"MsoNormal\\"><span lang=\\"EN-US\\"><o:p>&nbsp;</o:p></span></p>
<p class=\\"MsoNormal\\"><span style=\\"font-family:宋体;mso-ascii-font-family:Calibri;mso-hansi-font-family:Calibri;\\">修改订单常见问题：</span></p>
<p class=\\"MsoNormal\\"><span lang=\\"EN-US\\">1</span><span style=\\"font-family:宋体;mso-ascii-font-family:Calibri;mso-hansi-font-family:Calibri;\\">、什么时候允许修改订单？</span></p>
<p class=\\"MsoNormal\\"><span style=\\"font-family:宋体;mso-ascii-font-family:Calibri;mso-hansi-font-family:Calibri;\\">您在</span><span lang=\\"EN-US\\">iWebShop</span><span style=\\"font-family:宋体;mso-ascii-font-family:Calibri;mso-hansi-font-family:Calibri;\\">网站下单后，</span><span lang=\\"EN-US\\">iWebShop</span><span style=\\"font-family:宋体;mso-ascii-font-family:calibri;mso-hansi-font-family:Calibri;\\">网站后台程序会通过一系列算法来判断您的订单是否可以修改，如果可以修改，您在订单操作一列可以看到“修改订单”链接，此时说明订单可以修改。如果没有此链接，说明该订单不可修改。</span></p>
<p class=\\"MsoNormal\\"><span style=\\"font-family:宋体;mso-ascii-font-family:Calibri;mso-hansi-font-family:Calibri;\\">一般来说，在您选购的商品没有打印完毕之前，都是可以修改订单的。</span></p>
<p class=\\"MsoNormal\\"><span lang=\\"EN-US\\">2</span><span style=\\"font-family:宋体;mso-ascii-font-family:Calibri;mso-hansi-font-family:Calibri;\\">、我能修改订单的哪些内容？</span></p>
<p class=\\"MsoNormal\\"><span lang=\\"EN-US\\">1)</span><span style=\\"font-family:宋体;mso-ascii-font-family:Calibri;mso-hansi-font-family:Calibri;\\">修改购物车内的商品数量，增加或删除商品；（暂不支持添加套装）</span></p>
<p class=\\"MsoNormal\\"><span lang=\\"EN-US\\">2)</span><span style=\\"font-family:宋体;mso-ascii-font-family:Calibri;mso-hansi-font-family:Calibri;\\">修改收货人信息、配送方式、发票信息、订单备注；</span></p>
<p class=\\"MsoNormal\\"><span lang=\\"EN-US\\">3)</span><span style=\\"font-family:宋体;mso-ascii-font-family:Calibri;mso-hansi-font-family:Calibri;\\">添加优惠券或删除已使用的优惠券；</span></p>
<p class=\\"MsoNormal\\"><span style=\\"font-family:宋体;mso-ascii-font-family:Calibri;mso-hansi-font-family:Calibri;\\">注：由于目前暂不支持修改支付方式，所以一些与支付方式相关联的收货地址可能也无法修改。</span></p>
<p class=\\"MsoNormal\\"><span lang=\\"EN-US\\">3</span><span style=\\"font-family:宋体;mso-ascii-font-family:Calibri;mso-hansi-font-family:Calibri;\\">、修改订单时，订单为什么会被锁定？</span></p>
<p class=\\"MsoNormal\\"><span style=\\"font-family:宋体;mso-ascii-font-family:Calibri;mso-hansi-font-family:Calibri;\\">为了避免您在修改订单的同时，您的订单继续被程序处理和执行，我们会在您修改订单过程中锁定您的订单，直到您完成修改并点击了“提交订单”按钮。</span></p>
<p class=\\"MsoNormal\\"><span style=\\"font-family:宋体;mso-ascii-font-family:Calibri;mso-hansi-font-family:Calibri;\\">如果您在修改过程当中放弃了修改，建议您返回订单列表页面点击操作栏中的“解锁订单”，否则您的订单将在</span><span lang=\\"EN-US\\">2</span><span style=\\"font-family:宋体;mso-ascii-font-family:Calibri;mso-hansi-font-family:Calibri;\\">个小时后解锁，将影响您订单的生产时间和收货时间。</span></p>
<p class=\\"MsoNormal\\"><span lang=\\"EN-US\\">4</span><span style=\\"font-family:宋体;mso-ascii-font-family:Calibri;mso-hansi-font-family:Calibri;\\">、如果购物车里某一款商品下单时的价格和修改订单当时的价格不一致，按哪个来算商品价格呢？</span></p>
<p class=\\"MsoNormal\\"><span style=\\"font-family:宋体;mso-ascii-font-family:Calibri;mso-hansi-font-family:Calibri;\\">如果您不修改该商品的购买数量，那么价格和赠品都会维持您下单时的状态不变；</span></p>
<p class=\\"MsoNormal\\"><span style=\\"font-family:宋体;mso-ascii-font-family:Calibri;mso-hansi-font-family:Calibri;\\">如果您修改了该商品购买数量或者添加了新商品，那么价格和赠品都会与</span><span lang=\\"EN-US\\">iWebShop</span><span style=\\"font-family:宋体;mso-ascii-font-family:calibri;mso-hansi-font-family:Calibri;\\">网站最新显示的价格和赠品一致。</span></p>
<p class=\\"MsoNormal\\"><span style=\\"font-family:宋体;mso-ascii-font-family:Calibri;mso-hansi-font-family:Calibri;\\">如果您添加了新商品，那么新商品的价格与</span><span lang=\\"EN-US\\">iWebShop</span><span style=\\"font-family:宋体;mso-ascii-font-family:Calibri;mso-hansi-font-family:Calibri;\\">网站最新显示的价格和赠品一致。</span></p>
<p class=\\"MsoNormal\\"><span lang=\\"EN-US\\">5</span><span style=\\"font-family:宋体;mso-ascii-font-family:Calibri;mso-hansi-font-family:Calibri;\\">、可以先申请价保后再修改订单吗？</span></p>
<p class=\\"MsoNormal\\"><span style=\\"font-family:宋体;mso-ascii-font-family:Calibri;mso-hansi-font-family:Calibri;\\">不可以，如果你对某商品申请了价保，那么该商品将不能进行修改和删除，除非您删除整个订单。</span></p>
<p class=\\"MsoNormal\\"><span lang=\\"EN-US\\"><o:p>&nbsp;</o:p></span></p>',
      'dateline' => '1303975502',
    ),
  ),
)
<\ERROR_INFO>
<ERROR_INFO>
errID:8
errStr:Indirect modification of overloaded property Site::$help_row has no effect
errFile:F:\Apache2.2\htdocs\iwebshoptest\controllers\site.php
errLine:833
errTime:13-12-28 13:02:14
##出错时变量的值：##
array (
  'id' => 29,
  'tb_help' => 
  IModel::__set_state(array(
     'db' => 
    IMysql::__set_state(array(
       'linkRes' => NULL,
    )),
     'tableName' => 'ict_help',
     'tableData' => 
    array (
    ),
  )),
  'help_row' => 
  array (
    0 => 
    array (
      'id' => '29',
      'cat_id' => '3',
      'sort' => '0',
      'name' => '订单状态',
      'content' => '<p class=\\"MsoNormal\\"><span style=\\"font-family:宋体;mso-ascii-font-family:Calibri;mso-hansi-font-family:Calibri;\\">一个</span><span lang=\\"EN-US\\">iWebShop</span><span style=\\"font-family:宋体;mso-ascii-font-family:Calibri;mso-hansi-font-family:Calibri;\\">网站的新订单从下单到订单完成，会经历各种状态，我们会将各种状态显示在订单详情页面，希望以此种方式让您更好的了解订单情况，及时跟踪订单状态，打消疑虑并顺利完成购物。以下是订单状态的简单说明：</span></p>
<p class=\\"MsoNormal\\"><span lang=\\"EN-US\\"><o:p>&nbsp;</o:p></span></p>
<p class=\\"MsoNormal\\"><span style=\\"font-family:宋体;mso-ascii-font-family:Calibri;mso-hansi-font-family:Calibri;\\">等待付款：如果您选择“在线支付”“银行卡转账”“邮局汇款”“公司转账”“分期付款”“高校</span><span lang=\\"EN-US\\">-</span><span style=\\"font-family:宋体;mso-ascii-font-family:Calibri;mso-hansi-font-family:Calibri;\\">自己支付”“高校</span><span lang=\\"EN-US\\">-</span><span style=\\"font-family:宋体;mso-ascii-font-family:Calibri;mso-hansi-font-family:Calibri;\\">代理垫付”这几种支付方式，在成功支付且得到财务确认之前，订单状态会显示为等待付款；</span></p>
<p class=\\"MsoNormal\\"><span style=\\"font-family:宋体;mso-ascii-font-family:Calibri;mso-hansi-font-family:Calibri;\\">正在配货：该状态说明</span><span lang=\\"EN-US\\">iWebShop</span><span style=\\"font-family:宋体;mso-ascii-font-family:Calibri;mso-hansi-font-family:Calibri;\\">网站正在为您的订单进行配货，包括</span><span lang=\\"EN-US\\">5</span><span style=\\"font-family:宋体;mso-ascii-font-family:Calibri;mso-hansi-font-family:Calibri;\\">个子状态</span></p>
<p class=\\"MsoNormal\\"><span lang=\\"EN-US\\">1</span><span style=\\"font-family:宋体;mso-ascii-font-family:Calibri;mso-hansi-font-family:Calibri;\\">）打印：将您订购的商品打印成单，便于出库员取货</span></p>
<p class=\\"MsoNormal\\"><span lang=\\"EN-US\\">2</span><span style=\\"font-family:宋体;mso-ascii-font-family:Calibri;mso-hansi-font-family:Calibri;\\">）出库：出库员找到您订购的商品并出库</span></p>
<p class=\\"MsoNormal\\"><span lang=\\"EN-US\\">3</span><span style=\\"font-family:宋体;mso-ascii-font-family:Calibri;mso-hansi-font-family:Calibri;\\">）扫描：扫描员扫描您订购的商品并确认商品成功出库</span></p>
<p class=\\"MsoNormal\\"><span lang=\\"EN-US\\">4</span><span style=\\"font-family:宋体;mso-ascii-font-family:Calibri;mso-hansi-font-family:Calibri;\\">）打包：打包员将您订购的商品放入包裹以便运输</span></p>
<p class=\\"MsoNormal\\"><span lang=\\"EN-US\\">5</span><span style=\\"font-family:宋体;mso-ascii-font-family:Calibri;mso-hansi-font-family:Calibri;\\">）发货：发货员将您的包裹发货运输</span></p>
<p class=\\"MsoNormal\\"><span lang=\\"EN-US\\">iWebShop</span><span style=\\"font-family:宋体;mso-ascii-font-family:Calibri;mso-hansi-font-family:Calibri;\\">网站送货：您订购的商品已经发货，正在运送途中</span></p>
<p class=\\"MsoNormal\\"><span style=\\"font-family:宋体;mso-ascii-font-family:Calibri;mso-hansi-font-family:Calibri;\\">收货并确认：货物已发出一段时间，如果您已收到货物可以点击确认按钮进行确认</span></p>
<p class=\\"MsoNormal\\"><span style=\\"font-family:宋体;mso-ascii-font-family:Calibri;mso-hansi-font-family:Calibri;\\">上门自提：该状态说明您订购的商品已经送至相应自提点，请您尽快到自提点提货</span></p>
<p class=\\"MsoNormal\\"><span style=\\"font-family:宋体;mso-ascii-font-family:Calibri;mso-hansi-font-family:Calibri;\\">已完成：此次交易已经完成，希望能得到您的满意</span></p>
<p class=\\"MsoNormal\\"><span style=\\"font-family:宋体;mso-ascii-font-family:Calibri;mso-hansi-font-family:Calibri;\\">已锁定：如果您修改了订单但没有修改成功，则系统会自动锁定您的订单，您可以在订单列表页面点击操作栏中的“解锁订单”使订单恢复正常</span></p>
<p class=\\"MsoNormal\\"><span style=\\"font-family:宋体;mso-ascii-font-family:Calibri;mso-hansi-font-family:Calibri;\\">订单待审核：该状态说明您订购的某类商品缺货，需要</span><span lang=\\"EN-US\\">iWebShop</span><span style=\\"font-family:宋体;mso-ascii-font-family:Calibri;mso-hansi-font-family:Calibri;\\">网站将货物备齐后订单才会恢复正常状态，此状态下请您不要进行付款操作，以免货物无法备齐而占用您的货款</span></p>
<p class=\\"MsoNormal\\"><span lang=\\"EN-US\\"><o:p>&nbsp;</o:p></span></p>
<p class=\\"MsoNormal\\"><span style=\\"font-family:宋体;mso-ascii-font-family:Calibri;mso-hansi-font-family:Calibri;\\">修改订单常见问题：</span></p>
<p class=\\"MsoNormal\\"><span lang=\\"EN-US\\">1</span><span style=\\"font-family:宋体;mso-ascii-font-family:Calibri;mso-hansi-font-family:Calibri;\\">、什么时候允许修改订单？</span></p>
<p class=\\"MsoNormal\\"><span style=\\"font-family:宋体;mso-ascii-font-family:Calibri;mso-hansi-font-family:Calibri;\\">您在</span><span lang=\\"EN-US\\">iWebShop</span><span style=\\"font-family:宋体;mso-ascii-font-family:Calibri;mso-hansi-font-family:Calibri;\\">网站下单后，</span><span lang=\\"EN-US\\">iWebShop</span><span style=\\"font-family:宋体;mso-ascii-font-family:calibri;mso-hansi-font-family:Calibri;\\">网站后台程序会通过一系列算法来判断您的订单是否可以修改，如果可以修改，您在订单操作一列可以看到“修改订单”链接，此时说明订单可以修改。如果没有此链接，说明该订单不可修改。</span></p>
<p class=\\"MsoNormal\\"><span style=\\"font-family:宋体;mso-ascii-font-family:Calibri;mso-hansi-font-family:Calibri;\\">一般来说，在您选购的商品没有打印完毕之前，都是可以修改订单的。</span></p>
<p class=\\"MsoNormal\\"><span lang=\\"EN-US\\">2</span><span style=\\"font-family:宋体;mso-ascii-font-family:Calibri;mso-hansi-font-family:Calibri;\\">、我能修改订单的哪些内容？</span></p>
<p class=\\"MsoNormal\\"><span lang=\\"EN-US\\">1)</span><span style=\\"font-family:宋体;mso-ascii-font-family:Calibri;mso-hansi-font-family:Calibri;\\">修改购物车内的商品数量，增加或删除商品；（暂不支持添加套装）</span></p>
<p class=\\"MsoNormal\\"><span lang=\\"EN-US\\">2)</span><span style=\\"font-family:宋体;mso-ascii-font-family:Calibri;mso-hansi-font-family:Calibri;\\">修改收货人信息、配送方式、发票信息、订单备注；</span></p>
<p class=\\"MsoNormal\\"><span lang=\\"EN-US\\">3)</span><span style=\\"font-family:宋体;mso-ascii-font-family:Calibri;mso-hansi-font-family:Calibri;\\">添加优惠券或删除已使用的优惠券；</span></p>
<p class=\\"MsoNormal\\"><span style=\\"font-family:宋体;mso-ascii-font-family:Calibri;mso-hansi-font-family:Calibri;\\">注：由于目前暂不支持修改支付方式，所以一些与支付方式相关联的收货地址可能也无法修改。</span></p>
<p class=\\"MsoNormal\\"><span lang=\\"EN-US\\">3</span><span style=\\"font-family:宋体;mso-ascii-font-family:Calibri;mso-hansi-font-family:Calibri;\\">、修改订单时，订单为什么会被锁定？</span></p>
<p class=\\"MsoNormal\\"><span style=\\"font-family:宋体;mso-ascii-font-family:Calibri;mso-hansi-font-family:Calibri;\\">为了避免您在修改订单的同时，您的订单继续被程序处理和执行，我们会在您修改订单过程中锁定您的订单，直到您完成修改并点击了“提交订单”按钮。</span></p>
<p class=\\"MsoNormal\\"><span style=\\"font-family:宋体;mso-ascii-font-family:Calibri;mso-hansi-font-family:Calibri;\\">如果您在修改过程当中放弃了修改，建议您返回订单列表页面点击操作栏中的“解锁订单”，否则您的订单将在</span><span lang=\\"EN-US\\">2</span><span style=\\"font-family:宋体;mso-ascii-font-family:Calibri;mso-hansi-font-family:Calibri;\\">个小时后解锁，将影响您订单的生产时间和收货时间。</span></p>
<p class=\\"MsoNormal\\"><span lang=\\"EN-US\\">4</span><span style=\\"font-family:宋体;mso-ascii-font-family:Calibri;mso-hansi-font-family:Calibri;\\">、如果购物车里某一款商品下单时的价格和修改订单当时的价格不一致，按哪个来算商品价格呢？</span></p>
<p class=\\"MsoNormal\\"><span style=\\"font-family:宋体;mso-ascii-font-family:Calibri;mso-hansi-font-family:Calibri;\\">如果您不修改该商品的购买数量，那么价格和赠品都会维持您下单时的状态不变；</span></p>
<p class=\\"MsoNormal\\"><span style=\\"font-family:宋体;mso-ascii-font-family:Calibri;mso-hansi-font-family:Calibri;\\">如果您修改了该商品购买数量或者添加了新商品，那么价格和赠品都会与</span><span lang=\\"EN-US\\">iWebShop</span><span style=\\"font-family:宋体;mso-ascii-font-family:calibri;mso-hansi-font-family:Calibri;\\">网站最新显示的价格和赠品一致。</span></p>
<p class=\\"MsoNormal\\"><span style=\\"font-family:宋体;mso-ascii-font-family:Calibri;mso-hansi-font-family:Calibri;\\">如果您添加了新商品，那么新商品的价格与</span><span lang=\\"EN-US\\">iWebShop</span><span style=\\"font-family:宋体;mso-ascii-font-family:Calibri;mso-hansi-font-family:Calibri;\\">网站最新显示的价格和赠品一致。</span></p>
<p class=\\"MsoNormal\\"><span lang=\\"EN-US\\">5</span><span style=\\"font-family:宋体;mso-ascii-font-family:Calibri;mso-hansi-font-family:Calibri;\\">、可以先申请价保后再修改订单吗？</span></p>
<p class=\\"MsoNormal\\"><span style=\\"font-family:宋体;mso-ascii-font-family:Calibri;mso-hansi-font-family:Calibri;\\">不可以，如果你对某商品申请了价保，那么该商品将不能进行修改和删除，除非您删除整个订单。</span></p>
<p class=\\"MsoNormal\\"><span lang=\\"EN-US\\"><o:p>&nbsp;</o:p></span></p>',
      'dateline' => '1303975502',
    ),
  ),
)
<\ERROR_INFO>
<ERROR_INFO>
Mess: SELECT * FROM ict_help_category WHERE id= limit 50000
 -- You have an error in your SQL syntax; check the manual that corresponds to your MySQL server version for the right syntax to use near 'limit 50000' at line 1
Line: 89
File: IWEB_PATH/db\driver\mysql_class.php
##Debug_backtrace:##
	Func:read           	Class:IMysql         	Type:->   	Line:59   	File:IWEB_PATH/db\driver\mysql_class.php
	Func:doSql          	Class:IMysql         	Type:->   	Line:87   	File:IWEB_PATH/db\db_class.php
	Func:query          	Class:IDB            	Type:->   	Line:186  	File:IWEB_PATH/web\model\model_class.php
	Func:query          	Class:IModel         	Type:->   	Line:835  	File:F:\Apache2.2\htdocs\iwebshoptest\controllers\site.php
	Func:help           	Class:Site           	Type:->   	Line:24   	File:IWEB_PATH/web\action\inline_action.php
	Func:run            	Class:IInlineAction  	Type:->   	Line:149  	File:IWEB_PATH/web\controller\controller_class.php
	Func:run            	Class:IController    	Type:->   	Line:29   	File:IWEB_PATH/core\webapplication_class.php
	Func:execRequest    	Class:IWebApplication	Type:->   	Line:102  	File:IWEB_PATH/core\application_class.php
	Func:run            	Class:IApplication   	Type:->   	Line:5    	File:F:\Apache2.2\htdocs\iwebshoptest\index.php
</ERROR_INFO>
<ERROR_INFO>
errID:8
errStr:Undefined index: content
errFile:F:\Apache2.2\htdocs\iwebshoptest\controllers\site.php
errLine:831
errTime:13-12-28 13:03:38
##出错时变量的值：##
array (
  'id' => 29,
  'tb_help' => 
  IModel::__set_state(array(
     'db' => 
    IMysql::__set_state(array(
       'linkRes' => NULL,
    )),
     'tableName' => 'ict_help',
     'tableData' => 
    array (
    ),
  )),
  'help_row' => 
  array (
    0 => 
    array (
      'id' => '29',
      'cat_id' => '3',
      'sort' => '0',
      'name' => '订单状态',
      'content' => '<p class=\\"MsoNormal\\"><span style=\\"font-family:宋体;mso-ascii-font-family:Calibri;mso-hansi-font-family:Calibri;\\">一个</span><span lang=\\"EN-US\\">iWebShop</span><span style=\\"font-family:宋体;mso-ascii-font-family:Calibri;mso-hansi-font-family:Calibri;\\">网站的新订单从下单到订单完成，会经历各种状态，我们会将各种状态显示在订单详情页面，希望以此种方式让您更好的了解订单情况，及时跟踪订单状态，打消疑虑并顺利完成购物。以下是订单状态的简单说明：</span></p>
<p class=\\"MsoNormal\\"><span lang=\\"EN-US\\"><o:p>&nbsp;</o:p></span></p>
<p class=\\"MsoNormal\\"><span style=\\"font-family:宋体;mso-ascii-font-family:Calibri;mso-hansi-font-family:Calibri;\\">等待付款：如果您选择“在线支付”“银行卡转账”“邮局汇款”“公司转账”“分期付款”“高校</span><span lang=\\"EN-US\\">-</span><span style=\\"font-family:宋体;mso-ascii-font-family:Calibri;mso-hansi-font-family:Calibri;\\">自己支付”“高校</span><span lang=\\"EN-US\\">-</span><span style=\\"font-family:宋体;mso-ascii-font-family:Calibri;mso-hansi-font-family:Calibri;\\">代理垫付”这几种支付方式，在成功支付且得到财务确认之前，订单状态会显示为等待付款；</span></p>
<p class=\\"MsoNormal\\"><span style=\\"font-family:宋体;mso-ascii-font-family:Calibri;mso-hansi-font-family:Calibri;\\">正在配货：该状态说明</span><span lang=\\"EN-US\\">iWebShop</span><span style=\\"font-family:宋体;mso-ascii-font-family:Calibri;mso-hansi-font-family:Calibri;\\">网站正在为您的订单进行配货，包括</span><span lang=\\"EN-US\\">5</span><span style=\\"font-family:宋体;mso-ascii-font-family:Calibri;mso-hansi-font-family:Calibri;\\">个子状态</span></p>
<p class=\\"MsoNormal\\"><span lang=\\"EN-US\\">1</span><span style=\\"font-family:宋体;mso-ascii-font-family:Calibri;mso-hansi-font-family:Calibri;\\">）打印：将您订购的商品打印成单，便于出库员取货</span></p>
<p class=\\"MsoNormal\\"><span lang=\\"EN-US\\">2</span><span style=\\"font-family:宋体;mso-ascii-font-family:Calibri;mso-hansi-font-family:Calibri;\\">）出库：出库员找到您订购的商品并出库</span></p>
<p class=\\"MsoNormal\\"><span lang=\\"EN-US\\">3</span><span style=\\"font-family:宋体;mso-ascii-font-family:Calibri;mso-hansi-font-family:Calibri;\\">）扫描：扫描员扫描您订购的商品并确认商品成功出库</span></p>
<p class=\\"MsoNormal\\"><span lang=\\"EN-US\\">4</span><span style=\\"font-family:宋体;mso-ascii-font-family:Calibri;mso-hansi-font-family:Calibri;\\">）打包：打包员将您订购的商品放入包裹以便运输</span></p>
<p class=\\"MsoNormal\\"><span lang=\\"EN-US\\">5</span><span style=\\"font-family:宋体;mso-ascii-font-family:Calibri;mso-hansi-font-family:Calibri;\\">）发货：发货员将您的包裹发货运输</span></p>
<p class=\\"MsoNormal\\"><span lang=\\"EN-US\\">iWebShop</span><span style=\\"font-family:宋体;mso-ascii-font-family:Calibri;mso-hansi-font-family:Calibri;\\">网站送货：您订购的商品已经发货，正在运送途中</span></p>
<p class=\\"MsoNormal\\"><span style=\\"font-family:宋体;mso-ascii-font-family:Calibri;mso-hansi-font-family:Calibri;\\">收货并确认：货物已发出一段时间，如果您已收到货物可以点击确认按钮进行确认</span></p>
<p class=\\"MsoNormal\\"><span style=\\"font-family:宋体;mso-ascii-font-family:Calibri;mso-hansi-font-family:Calibri;\\">上门自提：该状态说明您订购的商品已经送至相应自提点，请您尽快到自提点提货</span></p>
<p class=\\"MsoNormal\\"><span style=\\"font-family:宋体;mso-ascii-font-family:Calibri;mso-hansi-font-family:Calibri;\\">已完成：此次交易已经完成，希望能得到您的满意</span></p>
<p class=\\"MsoNormal\\"><span style=\\"font-family:宋体;mso-ascii-font-family:Calibri;mso-hansi-font-family:Calibri;\\">已锁定：如果您修改了订单但没有修改成功，则系统会自动锁定您的订单，您可以在订单列表页面点击操作栏中的“解锁订单”使订单恢复正常</span></p>
<p class=\\"MsoNormal\\"><span style=\\"font-family:宋体;mso-ascii-font-family:Calibri;mso-hansi-font-family:Calibri;\\">订单待审核：该状态说明您订购的某类商品缺货，需要</span><span lang=\\"EN-US\\">iWebShop</span><span style=\\"font-family:宋体;mso-ascii-font-family:Calibri;mso-hansi-font-family:Calibri;\\">网站将货物备齐后订单才会恢复正常状态，此状态下请您不要进行付款操作，以免货物无法备齐而占用您的货款</span></p>
<p class=\\"MsoNormal\\"><span lang=\\"EN-US\\"><o:p>&nbsp;</o:p></span></p>
<p class=\\"MsoNormal\\"><span style=\\"font-family:宋体;mso-ascii-font-family:Calibri;mso-hansi-font-family:Calibri;\\">修改订单常见问题：</span></p>
<p class=\\"MsoNormal\\"><span lang=\\"EN-US\\">1</span><span style=\\"font-family:宋体;mso-ascii-font-family:Calibri;mso-hansi-font-family:Calibri;\\">、什么时候允许修改订单？</span></p>
<p class=\\"MsoNormal\\"><span style=\\"font-family:宋体;mso-ascii-font-family:Calibri;mso-hansi-font-family:Calibri;\\">您在</span><span lang=\\"EN-US\\">iWebShop</span><span style=\\"font-family:宋体;mso-ascii-font-family:Calibri;mso-hansi-font-family:Calibri;\\">网站下单后，</span><span lang=\\"EN-US\\">iWebShop</span><span style=\\"font-family:宋体;mso-ascii-font-family:calibri;mso-hansi-font-family:Calibri;\\">网站后台程序会通过一系列算法来判断您的订单是否可以修改，如果可以修改，您在订单操作一列可以看到“修改订单”链接，此时说明订单可以修改。如果没有此链接，说明该订单不可修改。</span></p>
<p class=\\"MsoNormal\\"><span style=\\"font-family:宋体;mso-ascii-font-family:Calibri;mso-hansi-font-family:Calibri;\\">一般来说，在您选购的商品没有打印完毕之前，都是可以修改订单的。</span></p>
<p class=\\"MsoNormal\\"><span lang=\\"EN-US\\">2</span><span style=\\"font-family:宋体;mso-ascii-font-family:Calibri;mso-hansi-font-family:Calibri;\\">、我能修改订单的哪些内容？</span></p>
<p class=\\"MsoNormal\\"><span lang=\\"EN-US\\">1)</span><span style=\\"font-family:宋体;mso-ascii-font-family:Calibri;mso-hansi-font-family:Calibri;\\">修改购物车内的商品数量，增加或删除商品；（暂不支持添加套装）</span></p>
<p class=\\"MsoNormal\\"><span lang=\\"EN-US\\">2)</span><span style=\\"font-family:宋体;mso-ascii-font-family:Calibri;mso-hansi-font-family:Calibri;\\">修改收货人信息、配送方式、发票信息、订单备注；</span></p>
<p class=\\"MsoNormal\\"><span lang=\\"EN-US\\">3)</span><span style=\\"font-family:宋体;mso-ascii-font-family:Calibri;mso-hansi-font-family:Calibri;\\">添加优惠券或删除已使用的优惠券；</span></p>
<p class=\\"MsoNormal\\"><span style=\\"font-family:宋体;mso-ascii-font-family:Calibri;mso-hansi-font-family:Calibri;\\">注：由于目前暂不支持修改支付方式，所以一些与支付方式相关联的收货地址可能也无法修改。</span></p>
<p class=\\"MsoNormal\\"><span lang=\\"EN-US\\">3</span><span style=\\"font-family:宋体;mso-ascii-font-family:Calibri;mso-hansi-font-family:Calibri;\\">、修改订单时，订单为什么会被锁定？</span></p>
<p class=\\"MsoNormal\\"><span style=\\"font-family:宋体;mso-ascii-font-family:Calibri;mso-hansi-font-family:Calibri;\\">为了避免您在修改订单的同时，您的订单继续被程序处理和执行，我们会在您修改订单过程中锁定您的订单，直到您完成修改并点击了“提交订单”按钮。</span></p>
<p class=\\"MsoNormal\\"><span style=\\"font-family:宋体;mso-ascii-font-family:Calibri;mso-hansi-font-family:Calibri;\\">如果您在修改过程当中放弃了修改，建议您返回订单列表页面点击操作栏中的“解锁订单”，否则您的订单将在</span><span lang=\\"EN-US\\">2</span><span style=\\"font-family:宋体;mso-ascii-font-family:Calibri;mso-hansi-font-family:Calibri;\\">个小时后解锁，将影响您订单的生产时间和收货时间。</span></p>
<p class=\\"MsoNormal\\"><span lang=\\"EN-US\\">4</span><span style=\\"font-family:宋体;mso-ascii-font-family:Calibri;mso-hansi-font-family:Calibri;\\">、如果购物车里某一款商品下单时的价格和修改订单当时的价格不一致，按哪个来算商品价格呢？</span></p>
<p class=\\"MsoNormal\\"><span style=\\"font-family:宋体;mso-ascii-font-family:Calibri;mso-hansi-font-family:Calibri;\\">如果您不修改该商品的购买数量，那么价格和赠品都会维持您下单时的状态不变；</span></p>
<p class=\\"MsoNormal\\"><span style=\\"font-family:宋体;mso-ascii-font-family:Calibri;mso-hansi-font-family:Calibri;\\">如果您修改了该商品购买数量或者添加了新商品，那么价格和赠品都会与</span><span lang=\\"EN-US\\">iWebShop</span><span style=\\"font-family:宋体;mso-ascii-font-family:calibri;mso-hansi-font-family:Calibri;\\">网站最新显示的价格和赠品一致。</span></p>
<p class=\\"MsoNormal\\"><span style=\\"font-family:宋体;mso-ascii-font-family:Calibri;mso-hansi-font-family:Calibri;\\">如果您添加了新商品，那么新商品的价格与</span><span lang=\\"EN-US\\">iWebShop</span><span style=\\"font-family:宋体;mso-ascii-font-family:Calibri;mso-hansi-font-family:Calibri;\\">网站最新显示的价格和赠品一致。</span></p>
<p class=\\"MsoNormal\\"><span lang=\\"EN-US\\">5</span><span style=\\"font-family:宋体;mso-ascii-font-family:Calibri;mso-hansi-font-family:Calibri;\\">、可以先申请价保后再修改订单吗？</span></p>
<p class=\\"MsoNormal\\"><span style=\\"font-family:宋体;mso-ascii-font-family:Calibri;mso-hansi-font-family:Calibri;\\">不可以，如果你对某商品申请了价保，那么该商品将不能进行修改和删除，除非您删除整个订单。</span></p>
<p class=\\"MsoNormal\\"><span lang=\\"EN-US\\"><o:p>&nbsp;</o:p></span></p>',
      'dateline' => '1303975502',
    ),
  ),
)
<\ERROR_INFO>
